mode: set
github.com/smartystreets/goconvey/convey/assertions/oglematchers/matches_regexp.go:29.44,31.16 2 0
github.com/smartystreets/goconvey/convey/assertions/oglematchers/matches_regexp.go:35.2,35.34 1 0
github.com/smartystreets/goconvey/convey/assertions/oglematchers/matches_regexp.go:31.16,33.3 1 0
github.com/smartystreets/goconvey/convey/assertions/oglematchers/matches_regexp.go:42.53,44.2 1 0
github.com/smartystreets/goconvey/convey/assertions/oglematchers/matches_regexp.go:46.67,53.9 5 0
github.com/smartystreets/goconvey/convey/assertions/oglematchers/matches_regexp.go:68.2,68.8 1 0
github.com/smartystreets/goconvey/convey/assertions/oglematchers/matches_regexp.go:54.2,55.35 1 0
github.com/smartystreets/goconvey/convey/assertions/oglematchers/matches_regexp.go:59.2,60.28 1 0
github.com/smartystreets/goconvey/convey/assertions/oglematchers/matches_regexp.go:64.2,65.57 1 0
github.com/smartystreets/goconvey/convey/assertions/oglematchers/matches_regexp.go:55.35,57.4 1 0
github.com/smartystreets/goconvey/convey/assertions/oglematchers/matches_regexp.go:60.28,62.4 1 0
github.com/smartystreets/goconvey/convey/assertions/oglematchers/not.go:26.29,28.2 1 1
github.com/smartystreets/goconvey/convey/assertions/oglematchers/not.go:34.57,38.16 2 1
github.com/smartystreets/goconvey/convey/assertions/oglematchers/not.go:43.2,43.46 1 1
github.com/smartystreets/goconvey/convey/assertions/oglematchers/not.go:48.2,48.12 1 1
github.com/smartystreets/goconvey/convey/assertions/oglematchers/not.go:38.16,40.3 1 1
github.com/smartystreets/goconvey/convey/assertions/oglematchers/not.go:43.46,45.3 1 0
github.com/smartystreets/goconvey/convey/assertions/oglematchers/not.go:51.43,53.2 1 0
github.com/smartystreets/goconvey/convey/assertions/oglematchers/deep_equals.go:30.40,32.2 1 1
github.com/smartystreets/goconvey/convey/assertions/oglematchers/deep_equals.go:38.50,45.54 3 0
github.com/smartystreets/goconvey/convey/assertions/oglematchers/deep_equals.go:49.2,49.46 1 0
github.com/smartystreets/goconvey/convey/assertions/oglematchers/deep_equals.go:45.54,47.3 1 0
github.com/smartystreets/goconvey/convey/assertions/oglematchers/deep_equals.go:52.58,57.14 3 1
github.com/smartystreets/goconvey/convey/assertions/oglematchers/deep_equals.go:62.2,65.63 3 1
github.com/smartystreets/goconvey/convey/assertions/oglematchers/deep_equals.go:77.2,77.31 1 1
github.com/smartystreets/goconvey/convey/assertions/oglematchers/deep_equals.go:83.2,83.54 1 1
github.com/smartystreets/goconvey/convey/assertions/oglematchers/deep_equals.go:87.2,87.23 1 1
github.com/smartystreets/goconvey/convey/assertions/oglematchers/deep_equals.go:57.14,59.3 1 1
github.com/smartystreets/goconvey/convey/assertions/oglematchers/deep_equals.go:65.63,69.34 3 0
github.com/smartystreets/goconvey/convey/assertions/oglematchers/deep_equals.go:73.3,73.24 1 0
github.com/smartystreets/goconvey/convey/assertions/oglematchers/deep_equals.go:69.34,71.4 1 0
github.com/smartystreets/goconvey/convey/assertions/oglematchers/deep_equals.go:77.31,79.3 1 1
github.com/smartystreets/goconvey/convey/assertions/oglematchers/deep_equals.go:83.54,85.3 1 0
github.com/smartystreets/goconvey/convey/assertions/oglematchers/identical_to.go:28.40,29.18 1 0
github.com/smartystreets/goconvey/convey/assertions/oglematchers/identical_to.go:46.2,46.13 1 0
github.com/smartystreets/goconvey/convey/assertions/oglematchers/identical_to.go:30.2,31.32 1 0
github.com/smartystreets/goconvey/convey/assertions/oglematchers/identical_to.go:33.2,34.37 1 0
github.com/smartystreets/goconvey/convey/assertions/oglematchers/identical_to.go:40.3,40.14 1 0
github.com/smartystreets/goconvey/convey/assertions/oglematchers/identical_to.go:42.2,43.15 1 0
github.com/smartystreets/goconvey/convey/assertions/oglematchers/identical_to.go:34.37,35.38 1 0
github.com/smartystreets/goconvey/convey/assertions/oglematchers/identical_to.go:35.38,37.5 1 0
github.com/smartystreets/goconvey/convey/assertions/oglematchers/identical_to.go:50.58,52.14 1 0
github.com/smartystreets/goconvey/convey/assertions/oglematchers/identical_to.go:57.2,57.18 1 0
github.com/smartystreets/goconvey/convey/assertions/oglematchers/identical_to.go:63.2,63.22 1 0
github.com/smartystreets/goconvey/convey/assertions/oglematchers/identical_to.go:67.2,67.18 1 0
github.com/smartystreets/goconvey/convey/assertions/oglematchers/identical_to.go:52.14,54.3 1 0
github.com/smartystreets/goconvey/convey/assertions/oglematchers/identical_to.go:58.2,59.19 1 0
github.com/smartystreets/goconvey/convey/assertions/oglematchers/identical_to.go:63.22,65.3 1 0
github.com/smartystreets/goconvey/convey/assertions/oglematchers/identical_to.go:84.41,88.46 2 0
github.com/smartystreets/goconvey/convey/assertions/oglematchers/identical_to.go:92.2,92.31 1 0
github.com/smartystreets/goconvey/convey/assertions/oglematchers/identical_to.go:88.46,90.3 1 0
github.com/smartystreets/goconvey/convey/assertions/oglematchers/identical_to.go:99.51,102.2 2 0
github.com/smartystreets/goconvey/convey/assertions/oglematchers/identical_to.go:104.59,107.38 2 0
github.com/smartystreets/goconvey/convey/assertions/oglematchers/identical_to.go:112.2,112.14 1 0
github.com/smartystreets/goconvey/convey/assertions/oglematchers/identical_to.go:117.2,117.18 1 0
github.com/smartystreets/goconvey/convey/assertions/oglematchers/identical_to.go:129.2,129.14 1 0
github.com/smartystreets/goconvey/convey/assertions/oglematchers/identical_to.go:133.2,133.23 1 0
github.com/smartystreets/goconvey/convey/assertions/oglematchers/identical_to.go:107.38,109.3 1 0
github.com/smartystreets/goconvey/convey/assertions/oglematchers/identical_to.go:112.14,114.3 1 0
github.com/smartystreets/goconvey/convey/assertions/oglematchers/identical_to.go:118.2,121.35 3 0
github.com/smartystreets/goconvey/convey/assertions/oglematchers/identical_to.go:125.3,125.59 1 0
github.com/smartystreets/goconvey/convey/assertions/oglematchers/identical_to.go:121.35,123.4 1 0
github.com/smartystreets/goconvey/convey/assertions/oglematchers/identical_to.go:129.14,131.3 1 0
github.com/smartystreets/goconvey/convey/assertions/oglematchers/less_or_equal.go:30.41,34.48 2 1
github.com/smartystreets/goconvey/convey/assertions/oglematchers/less_or_equal.go:40.2,40.66 1 1
github.com/smartystreets/goconvey/convey/assertions/oglematchers/less_or_equal.go:34.48,36.3 1 1
github.com/smartystreets/goconvey/convey/assertions/oglematchers/transform_description.go:21.62,23.2 1 1
github.com/smartystreets/goconvey/convey/assertions/oglematchers/transform_description.go:30.60,32.2 1 0
github.com/smartystreets/goconvey/convey/assertions/oglematchers/transform_description.go:34.68,36.2 1 1
github.com/smartystreets/goconvey/convey/assertions/oglematchers/any.go:19.20,21.2 1 0
github.com/smartystreets/goconvey/convey/assertions/oglematchers/any.go:26.43,28.2 1 0
github.com/smartystreets/goconvey/convey/assertions/oglematchers/any.go:30.51,32.2 1 0
github.com/smartystreets/goconvey/convey/assertions/oglematchers/any_of.go:41.41,49.25 4 1
github.com/smartystreets/goconvey/convey/assertions/oglematchers/any_of.go:57.2,57.31 1 1
github.com/smartystreets/goconvey/convey/assertions/oglematchers/any_of.go:49.25,50.48 1 1
github.com/smartystreets/goconvey/convey/assertions/oglematchers/any_of.go:50.48,52.4 1 1
github.com/smartystreets/goconvey/convey/assertions/oglematchers/any_of.go:52.5,54.4 1 0
github.com/smartystreets/goconvey/convey/assertions/oglematchers/any_of.go:64.45,66.36 2 0
github.com/smartystreets/goconvey/convey/assertions/oglematchers/any_of.go:70.2,70.64 1 0
github.com/smartystreets/goconvey/convey/assertions/oglematchers/any_of.go:66.36,68.3 1 0
github.com/smartystreets/goconvey/convey/assertions/oglematchers/any_of.go:73.59,77.36 2 1
github.com/smartystreets/goconvey/convey/assertions/oglematchers/any_of.go:92.2,92.8 1 1
github.com/smartystreets/goconvey/convey/assertions/oglematchers/any_of.go:77.36,81.24 2 1
github.com/smartystreets/goconvey/convey/assertions/oglematchers/any_of.go:87.3,87.54 1 1
github.com/smartystreets/goconvey/convey/assertions/oglematchers/any_of.go:81.24,84.4 2 1
github.com/smartystreets/goconvey/convey/assertions/oglematchers/any_of.go:87.54,89.4 1 0
github.com/smartystreets/goconvey/convey/assertions/oglematchers/elements_are.go:35.44,38.22 2 0
github.com/smartystreets/goconvey/convey/assertions/oglematchers/elements_are.go:47.2,47.41 1 0
github.com/smartystreets/goconvey/convey/assertions/oglematchers/elements_are.go:38.22,39.37 1 0
github.com/smartystreets/goconvey/convey/assertions/oglematchers/elements_are.go:44.3,44.29 1 0
github.com/smartystreets/goconvey/convey/assertions/oglematchers/elements_are.go:39.37,41.12 2 0
github.com/smartystreets/goconvey/convey/assertions/oglematchers/elements_are.go:54.51,56.35 2 0
github.com/smartystreets/goconvey/convey/assertions/oglematchers/elements_are.go:60.2,60.72 1 0
github.com/smartystreets/goconvey/convey/assertions/oglematchers/elements_are.go:56.35,58.3 1 0
github.com/smartystreets/goconvey/convey/assertions/oglematchers/elements_are.go:63.68,66.60 2 0
github.com/smartystreets/goconvey/convey/assertions/oglematchers/elements_are.go:71.2,71.35 1 0
github.com/smartystreets/goconvey/convey/assertions/oglematchers/elements_are.go:76.2,76.43 1 0
github.com/smartystreets/goconvey/convey/assertions/oglematchers/elements_are.go:90.2,90.12 1 0
github.com/smartystreets/goconvey/convey/assertions/oglematchers/elements_are.go:66.60,68.3 1 0
github.com/smartystreets/goconvey/convey/assertions/oglematchers/elements_are.go:71.35,73.3 1 0
github.com/smartystreets/goconvey/convey/assertions/oglematchers/elements_are.go:76.43,78.69 2 0
github.com/smartystreets/goconvey/convey/assertions/oglematchers/elements_are.go:78.69,82.53 2 0
github.com/smartystreets/goconvey/convey/assertions/oglematchers/elements_are.go:86.4,86.14 1 0
github.com/smartystreets/goconvey/convey/assertions/oglematchers/elements_are.go:82.53,84.5 1 0
github.com/smartystreets/goconvey/convey/assertions/oglematchers/error.go:30.31,32.2 1 0
github.com/smartystreets/goconvey/convey/assertions/oglematchers/error.go:38.45,40.2 1 0
github.com/smartystreets/goconvey/convey/assertions/oglematchers/error.go:42.53,45.9 2 0
github.com/smartystreets/goconvey/convey/assertions/oglematchers/error.go:50.2,50.44 1 0
github.com/smartystreets/goconvey/convey/assertions/oglematchers/error.go:45.9,47.3 1 0
github.com/smartystreets/goconvey/convey/assertions/oglematchers/less_than.go:31.38,35.9 3 1
github.com/smartystreets/goconvey/convey/assertions/oglematchers/less_than.go:44.2,44.28 1 1
github.com/smartystreets/goconvey/convey/assertions/oglematchers/less_than.go:36.2,36.20 0 1
github.com/smartystreets/goconvey/convey/assertions/oglematchers/less_than.go:37.2,37.18 0 1
github.com/smartystreets/goconvey/convey/assertions/oglematchers/less_than.go:38.2,38.30 0 1
github.com/smartystreets/goconvey/convey/assertions/oglematchers/less_than.go:40.2,41.59 1 0
github.com/smartystreets/goconvey/convey/assertions/oglematchers/less_than.go:51.48,53.38 1 0
github.com/smartystreets/goconvey/convey/assertions/oglematchers/less_than.go:57.2,57.57 1 0
github.com/smartystreets/goconvey/convey/assertions/oglematchers/less_than.go:53.38,55.3 1 0
github.com/smartystreets/goconvey/convey/assertions/oglematchers/less_than.go:60.56,63.9 2 1
github.com/smartystreets/goconvey/convey/assertions/oglematchers/less_than.go:89.2,89.54 1 0
github.com/smartystreets/goconvey/convey/assertions/oglematchers/less_than.go:64.2,65.26 1 1
github.com/smartystreets/goconvey/convey/assertions/oglematchers/less_than.go:68.3,68.9 1 1
github.com/smartystreets/goconvey/convey/assertions/oglematchers/less_than.go:70.2,71.51 1 1
github.com/smartystreets/goconvey/convey/assertions/oglematchers/less_than.go:74.3,74.9 1 1
github.com/smartystreets/goconvey/convey/assertions/oglematchers/less_than.go:76.2,77.64 1 1
github.com/smartystreets/goconvey/convey/assertions/oglematchers/less_than.go:80.3,80.9 1 1
github.com/smartystreets/goconvey/convey/assertions/oglematchers/less_than.go:82.2,83.28 1 0
github.com/smartystreets/goconvey/convey/assertions/oglematchers/less_than.go:86.3,86.9 1 0
github.com/smartystreets/goconvey/convey/assertions/oglematchers/less_than.go:65.26,67.4 1 1
github.com/smartystreets/goconvey/convey/assertions/oglematchers/less_than.go:71.51,73.4 1 0
github.com/smartystreets/goconvey/convey/assertions/oglematchers/less_than.go:77.64,79.4 1 1
github.com/smartystreets/goconvey/convey/assertions/oglematchers/less_than.go:83.28,85.4 1 0
github.com/smartystreets/goconvey/convey/assertions/oglematchers/less_than.go:92.40,93.9 1 1
github.com/smartystreets/goconvey/convey/assertions/oglematchers/less_than.go:104.2,104.39 1 0
github.com/smartystreets/goconvey/convey/assertions/oglematchers/less_than.go:94.2,95.26 1 1
github.com/smartystreets/goconvey/convey/assertions/oglematchers/less_than.go:97.2,98.27 1 1
github.com/smartystreets/goconvey/convey/assertions/oglematchers/less_than.go:100.2,101.19 1 1
github.com/smartystreets/goconvey/convey/assertions/oglematchers/less_than.go:107.62,114.64 4 1
github.com/smartystreets/goconvey/convey/assertions/oglematchers/less_than.go:122.2,124.26 3 1
github.com/smartystreets/goconvey/convey/assertions/oglematchers/less_than.go:130.2,130.9 1 1
github.com/smartystreets/goconvey/convey/assertions/oglematchers/less_than.go:151.2,151.82 1 0
github.com/smartystreets/goconvey/convey/assertions/oglematchers/less_than.go:114.64,115.32 1 1
github.com/smartystreets/goconvey/convey/assertions/oglematchers/less_than.go:118.3,118.9 1 1
github.com/smartystreets/goconvey/convey/assertions/oglematchers/less_than.go:115.32,117.4 1 1
github.com/smartystreets/goconvey/convey/assertions/oglematchers/less_than.go:124.26,127.3 2 0
github.com/smartystreets/goconvey/convey/assertions/oglematchers/less_than.go:132.2,133.33 1 1
github.com/smartystreets/goconvey/convey/assertions/oglematchers/less_than.go:136.2,137.52 1 0
github.com/smartystreets/goconvey/convey/assertions/oglematchers/less_than.go:140.3,140.9 1 0
github.com/smartystreets/goconvey/convey/assertions/oglematchers/less_than.go:143.2,144.34 1 1
github.com/smartystreets/goconvey/convey/assertions/oglematchers/less_than.go:147.3,147.9 1 1
github.com/smartystreets/goconvey/convey/assertions/oglematchers/less_than.go:137.52,139.4 1 0
github.com/smartystreets/goconvey/convey/assertions/oglematchers/less_than.go:144.34,146.4 1 1
github.com/smartystreets/goconvey/convey/assertions/oglematchers/panics.go:32.32,34.2 1 0
github.com/smartystreets/goconvey/convey/assertions/oglematchers/panics.go:40.46,42.2 1 0
github.com/smartystreets/goconvey/convey/assertions/oglematchers/panics.go:44.60,47.55 2 0
github.com/smartystreets/goconvey/convey/assertions/oglematchers/panics.go:53.2,53.15 1 0
github.com/smartystreets/goconvey/convey/assertions/oglematchers/panics.go:69.2,73.8 3 0
github.com/smartystreets/goconvey/convey/assertions/oglematchers/panics.go:47.55,50.3 2 0
github.com/smartystreets/goconvey/convey/assertions/oglematchers/panics.go:53.15,54.31 1 0
github.com/smartystreets/goconvey/convey/assertions/oglematchers/panics.go:54.31,58.18 2 0
github.com/smartystreets/goconvey/convey/assertions/oglematchers/panics.go:58.18,60.26 2 0
github.com/smartystreets/goconvey/convey/assertions/oglematchers/panics.go:64.5,64.81 1 0
github.com/smartystreets/goconvey/convey/assertions/oglematchers/panics.go:60.26,62.6 1 0
github.com/smartystreets/goconvey/convey/assertions/oglematchers/all_of.go:33.41,35.2 1 0
github.com/smartystreets/goconvey/convey/assertions/oglematchers/all_of.go:41.45,43.33 1 0
github.com/smartystreets/goconvey/convey/assertions/oglematchers/all_of.go:48.2,49.51 2 0
github.com/smartystreets/goconvey/convey/assertions/oglematchers/all_of.go:53.2,53.45 1 0
github.com/smartystreets/goconvey/convey/assertions/oglematchers/all_of.go:43.33,45.3 1 0
github.com/smartystreets/goconvey/convey/assertions/oglematchers/all_of.go:49.51,51.3 1 0
github.com/smartystreets/goconvey/convey/assertions/oglematchers/all_of.go:56.59,57.51 1 0
github.com/smartystreets/goconvey/convey/assertions/oglematchers/all_of.go:69.2,69.8 1 0
github.com/smartystreets/goconvey/convey/assertions/oglematchers/all_of.go:57.51,58.65 1 0
github.com/smartystreets/goconvey/convey/assertions/oglematchers/all_of.go:58.65,63.10 3 0
github.com/smartystreets/goconvey/convey/assertions/oglematchers/all_of.go:63.10,65.5 1 0
github.com/smartystreets/goconvey/convey/assertions/oglematchers/equals.go:52.36,56.61 2 1
github.com/smartystreets/goconvey/convey/assertions/oglematchers/equals.go:61.2,61.60 1 1
github.com/smartystreets/goconvey/convey/assertions/oglematchers/equals.go:65.2,65.26 1 1
github.com/smartystreets/goconvey/convey/assertions/oglematchers/equals.go:56.61,58.3 1 1
github.com/smartystreets/goconvey/convey/assertions/oglematchers/equals.go:61.60,63.3 1 0
github.com/smartystreets/goconvey/convey/assertions/oglematchers/equals.go:76.44,79.2 2 1
github.com/smartystreets/goconvey/convey/assertions/oglematchers/equals.go:81.46,84.2 2 1
github.com/smartystreets/goconvey/convey/assertions/oglematchers/equals.go:86.38,88.2 1 1
github.com/smartystreets/goconvey/convey/assertions/oglematchers/equals.go:90.36,93.2 2 1
github.com/smartystreets/goconvey/convey/assertions/oglematchers/equals.go:95.38,98.2 2 0
github.com/smartystreets/goconvey/convey/assertions/oglematchers/equals.go:100.62,103.9 2 1
github.com/smartystreets/goconvey/convey/assertions/oglematchers/equals.go:124.2,124.8 1 1
github.com/smartystreets/goconvey/convey/assertions/oglematchers/equals.go:104.2,105.19 1 1
github.com/smartystreets/goconvey/convey/assertions/oglematchers/equals.go:109.2,111.42 2 1
github.com/smartystreets/goconvey/convey/assertions/oglematchers/equals.go:117.2,118.42 1 1
github.com/smartystreets/goconvey/convey/assertions/oglematchers/equals.go:120.2,121.46 1 0
github.com/smartystreets/goconvey/convey/assertions/oglematchers/equals.go:105.19,107.4 1 1
github.com/smartystreets/goconvey/convey/assertions/oglematchers/equals.go:111.42,113.4 1 1
github.com/smartystreets/goconvey/convey/assertions/oglematchers/equals.go:127.64,130.9 2 1
github.com/smartystreets/goconvey/convey/assertions/oglematchers/equals.go:151.2,151.8 1 1
github.com/smartystreets/goconvey/convey/assertions/oglematchers/equals.go:131.2,133.31 2 1
github.com/smartystreets/goconvey/convey/assertions/oglematchers/equals.go:137.2,138.20 1 0
github.com/smartystreets/goconvey/convey/assertions/oglematchers/equals.go:144.2,145.42 1 1
github.com/smartystreets/goconvey/convey/assertions/oglematchers/equals.go:147.2,148.46 1 0
github.com/smartystreets/goconvey/convey/assertions/oglematchers/equals.go:133.31,135.4 1 1
github.com/smartystreets/goconvey/convey/assertions/oglematchers/equals.go:138.20,140.4 1 0
github.com/smartystreets/goconvey/convey/assertions/oglematchers/equals.go:154.66,157.9 2 0
github.com/smartystreets/goconvey/convey/assertions/oglematchers/equals.go:190.2,190.8 1 0
github.com/smartystreets/goconvey/convey/assertions/oglematchers/equals.go:158.2,159.28 1 0
github.com/smartystreets/goconvey/convey/assertions/oglematchers/equals.go:163.2,164.29 1 0
github.com/smartystreets/goconvey/convey/assertions/oglematchers/equals.go:168.2,171.30 1 0
github.com/smartystreets/goconvey/convey/assertions/oglematchers/equals.go:175.2,182.34 4 0
github.com/smartystreets/goconvey/convey/assertions/oglematchers/equals.go:186.2,187.46 1 0
github.com/smartystreets/goconvey/convey/assertions/oglematchers/equals.go:159.28,161.4 1 0
github.com/smartystreets/goconvey/convey/assertions/oglematchers/equals.go:164.29,166.4 1 0
github.com/smartystreets/goconvey/convey/assertions/oglematchers/equals.go:171.30,173.4 1 0
github.com/smartystreets/goconvey/convey/assertions/oglematchers/equals.go:182.34,184.4 1 0
github.com/smartystreets/goconvey/convey/assertions/oglematchers/equals.go:193.66,198.9 3 1
github.com/smartystreets/goconvey/convey/assertions/oglematchers/equals.go:234.2,234.8 1 1
github.com/smartystreets/goconvey/convey/assertions/oglematchers/equals.go:199.2,200.28 1 1
github.com/smartystreets/goconvey/convey/assertions/oglematchers/equals.go:204.2,205.29 1 1
github.com/smartystreets/goconvey/convey/assertions/oglematchers/equals.go:212.2,213.42 1 0
github.com/smartystreets/goconvey/convey/assertions/oglematchers/equals.go:216.2,217.21 1 1
github.com/smartystreets/goconvey/convey/assertions/oglematchers/equals.go:221.2,226.25 4 0
github.com/smartystreets/goconvey/convey/assertions/oglematchers/equals.go:230.2,231.46 1 0
github.com/smartystreets/goconvey/convey/assertions/oglematchers/equals.go:200.28,202.4 1 0
github.com/smartystreets/goconvey/convey/assertions/oglematchers/equals.go:205.29,207.4 1 0
github.com/smartystreets/goconvey/convey/assertions/oglematchers/equals.go:217.21,219.4 1 1
github.com/smartystreets/goconvey/convey/assertions/oglematchers/equals.go:226.25,228.4 1 0
github.com/smartystreets/goconvey/convey/assertions/oglematchers/equals.go:237.70,242.9 4 0
github.com/smartystreets/goconvey/convey/assertions/oglematchers/equals.go:263.2,263.8 1 0
github.com/smartystreets/goconvey/convey/assertions/oglematchers/equals.go:243.2,246.25 1 0
github.com/smartystreets/goconvey/convey/assertions/oglematchers/equals.go:250.3,250.42 1 0
github.com/smartystreets/goconvey/convey/assertions/oglematchers/equals.go:252.2,255.34 1 0
github.com/smartystreets/goconvey/convey/assertions/oglematchers/equals.go:259.2,260.46 1 0
github.com/smartystreets/goconvey/convey/assertions/oglematchers/equals.go:246.25,248.4 1 0
github.com/smartystreets/goconvey/convey/assertions/oglematchers/equals.go:255.34,257.4 1 0
github.com/smartystreets/goconvey/convey/assertions/oglematchers/equals.go:266.72,271.9 4 0
github.com/smartystreets/goconvey/convey/assertions/oglematchers/equals.go:290.2,290.8 1 0
github.com/smartystreets/goconvey/convey/assertions/oglematchers/equals.go:272.2,275.25 1 0
github.com/smartystreets/goconvey/convey/assertions/oglematchers/equals.go:279.3,279.42 1 0
github.com/smartystreets/goconvey/convey/assertions/oglematchers/equals.go:281.2,282.23 1 0
github.com/smartystreets/goconvey/convey/assertions/oglematchers/equals.go:286.2,287.46 1 0
github.com/smartystreets/goconvey/convey/assertions/oglematchers/equals.go:275.25,277.4 1 0
github.com/smartystreets/goconvey/convey/assertions/oglematchers/equals.go:282.23,284.4 1 0
github.com/smartystreets/goconvey/convey/assertions/oglematchers/equals.go:297.60,298.30 1 1
github.com/smartystreets/goconvey/convey/assertions/oglematchers/equals.go:303.2,304.19 2 1
github.com/smartystreets/goconvey/convey/assertions/oglematchers/equals.go:307.2,307.8 1 1
github.com/smartystreets/goconvey/convey/assertions/oglematchers/equals.go:298.30,301.3 2 0
github.com/smartystreets/goconvey/convey/assertions/oglematchers/equals.go:304.19,306.3 1 1
github.com/smartystreets/goconvey/convey/assertions/oglematchers/equals.go:310.66,311.33 1 1
github.com/smartystreets/goconvey/convey/assertions/oglematchers/equals.go:316.2,317.28 2 1
github.com/smartystreets/goconvey/convey/assertions/oglematchers/equals.go:320.2,320.8 1 1
github.com/smartystreets/goconvey/convey/assertions/oglematchers/equals.go:311.33,314.3 2 0
github.com/smartystreets/goconvey/convey/assertions/oglematchers/equals.go:317.28,319.3 1 1
github.com/smartystreets/goconvey/convey/assertions/oglematchers/equals.go:323.69,330.38 2 0
github.com/smartystreets/goconvey/convey/assertions/oglematchers/equals.go:335.2,336.32 2 0
github.com/smartystreets/goconvey/convey/assertions/oglematchers/equals.go:339.2,339.8 1 0
github.com/smartystreets/goconvey/convey/assertions/oglematchers/equals.go:330.38,333.3 2 0
github.com/smartystreets/goconvey/convey/assertions/oglematchers/equals.go:336.32,338.3 1 0
github.com/smartystreets/goconvey/convey/assertions/oglematchers/equals.go:342.69,344.30 1 0
github.com/smartystreets/goconvey/convey/assertions/oglematchers/equals.go:349.2,350.32 2 0
github.com/smartystreets/goconvey/convey/assertions/oglematchers/equals.go:353.2,353.8 1 0
github.com/smartystreets/goconvey/convey/assertions/oglematchers/equals.go:344.30,347.3 2 0
github.com/smartystreets/goconvey/convey/assertions/oglematchers/equals.go:350.32,352.3 1 0
github.com/smartystreets/goconvey/convey/assertions/oglematchers/equals.go:356.68,358.29 1 0
github.com/smartystreets/goconvey/convey/assertions/oglematchers/equals.go:363.2,364.32 2 0
github.com/smartystreets/goconvey/convey/assertions/oglematchers/equals.go:367.2,367.8 1 0
github.com/smartystreets/goconvey/convey/assertions/oglematchers/equals.go:358.29,361.3 2 0
github.com/smartystreets/goconvey/convey/assertions/oglematchers/equals.go:364.32,366.3 1 0
github.com/smartystreets/goconvey/convey/assertions/oglematchers/equals.go:370.68,376.38 2 1
github.com/smartystreets/goconvey/convey/assertions/oglematchers/equals.go:381.2,382.32 2 1
github.com/smartystreets/goconvey/convey/assertions/oglematchers/equals.go:385.2,385.8 1 1
github.com/smartystreets/goconvey/convey/assertions/oglematchers/equals.go:376.38,379.3 2 1
github.com/smartystreets/goconvey/convey/assertions/oglematchers/equals.go:382.32,384.3 1 1
github.com/smartystreets/goconvey/convey/assertions/oglematchers/equals.go:388.70,394.38 2 0
github.com/smartystreets/goconvey/convey/assertions/oglematchers/equals.go:399.2,400.32 2 0
github.com/smartystreets/goconvey/convey/assertions/oglematchers/equals.go:403.2,403.8 1 0
github.com/smartystreets/goconvey/convey/assertions/oglematchers/equals.go:394.38,397.3 2 0
github.com/smartystreets/goconvey/convey/assertions/oglematchers/equals.go:400.32,402.3 1 0
github.com/smartystreets/goconvey/convey/assertions/oglematchers/equals.go:406.71,408.32 1 1
github.com/smartystreets/goconvey/convey/assertions/oglematchers/equals.go:413.2,414.30 2 1
github.com/smartystreets/goconvey/convey/assertions/oglematchers/equals.go:417.2,417.8 1 1
github.com/smartystreets/goconvey/convey/assertions/oglematchers/equals.go:408.32,411.3 2 0
github.com/smartystreets/goconvey/convey/assertions/oglematchers/equals.go:414.30,416.3 1 1
github.com/smartystreets/goconvey/convey/assertions/oglematchers/equals.go:420.78,422.39 1 0
github.com/smartystreets/goconvey/convey/assertions/oglematchers/equals.go:427.2,428.32 2 0
github.com/smartystreets/goconvey/convey/assertions/oglematchers/equals.go:431.2,431.8 1 0
github.com/smartystreets/goconvey/convey/assertions/oglematchers/equals.go:422.39,425.3 2 0
github.com/smartystreets/goconvey/convey/assertions/oglematchers/equals.go:428.32,430.3 1 0
github.com/smartystreets/goconvey/convey/assertions/oglematchers/equals.go:434.47,438.18 2 1
github.com/smartystreets/goconvey/convey/assertions/oglematchers/equals.go:454.2,454.46 1 1
github.com/smartystreets/goconvey/convey/assertions/oglematchers/equals.go:457.2,457.8 1 1
github.com/smartystreets/goconvey/convey/assertions/oglematchers/equals.go:439.2,439.23 0 1
github.com/smartystreets/goconvey/convey/assertions/oglematchers/equals.go:440.2,440.20 0 0
github.com/smartystreets/goconvey/convey/assertions/oglematchers/equals.go:441.2,441.20 0 0
github.com/smartystreets/goconvey/convey/assertions/oglematchers/equals.go:442.2,442.25 0 0
github.com/smartystreets/goconvey/convey/assertions/oglematchers/equals.go:443.2,443.19 0 0
github.com/smartystreets/goconvey/convey/assertions/oglematchers/equals.go:444.2,444.19 0 0
github.com/smartystreets/goconvey/convey/assertions/oglematchers/equals.go:445.2,445.21 0 0
github.com/smartystreets/goconvey/convey/assertions/oglematchers/equals.go:447.2,449.9 2 0
github.com/smartystreets/goconvey/convey/assertions/oglematchers/equals.go:454.46,456.3 1 1
github.com/smartystreets/goconvey/convey/assertions/oglematchers/equals.go:464.62,469.9 4 1
github.com/smartystreets/goconvey/convey/assertions/oglematchers/equals.go:519.2,519.70 1 0
github.com/smartystreets/goconvey/convey/assertions/oglematchers/equals.go:470.2,471.39 1 1
github.com/smartystreets/goconvey/convey/assertions/oglematchers/equals.go:473.2,474.39 1 1
github.com/smartystreets/goconvey/convey/assertions/oglematchers/equals.go:476.2,477.41 1 1
github.com/smartystreets/goconvey/convey/assertions/oglematchers/equals.go:479.2,480.51 1 1
github.com/smartystreets/goconvey/convey/assertions/oglematchers/equals.go:482.2,483.52 1 0
github.com/smartystreets/goconvey/convey/assertions/oglematchers/equals.go:485.2,486.43 1 1
github.com/smartystreets/goconvey/convey/assertions/oglematchers/equals.go:488.2,489.58 1 0
github.com/smartystreets/goconvey/convey/assertions/oglematchers/equals.go:491.2,492.60 1 0
github.com/smartystreets/goconvey/convey/assertions/oglematchers/equals.go:494.2,495.32 1 0
github.com/smartystreets/goconvey/convey/assertions/oglematchers/equals.go:497.2,498.32 1 0
github.com/smartystreets/goconvey/convey/assertions/oglematchers/equals.go:500.2,501.31 1 0
github.com/smartystreets/goconvey/convey/assertions/oglematchers/equals.go:503.2,504.31 1 1
github.com/smartystreets/goconvey/convey/assertions/oglematchers/equals.go:506.2,507.33 1 0
github.com/smartystreets/goconvey/convey/assertions/oglematchers/equals.go:509.2,510.34 1 1
github.com/smartystreets/goconvey/convey/assertions/oglematchers/equals.go:512.2,513.41 1 0
github.com/smartystreets/goconvey/convey/assertions/oglematchers/equals.go:515.2,516.24 1 1
github.com/smartystreets/goconvey/convey/assertions/oglematchers/equals.go:522.46,524.32 1 0
github.com/smartystreets/goconvey/convey/assertions/oglematchers/equals.go:528.2,528.55 1 0
github.com/smartystreets/goconvey/convey/assertions/oglematchers/equals.go:524.32,526.3 1 0
github.com/smartystreets/goconvey/convey/assertions/oglematchers/greater_or_equal.go:30.44,34.48 2 1
github.com/smartystreets/goconvey/convey/assertions/oglematchers/greater_or_equal.go:38.2,38.53 1 1
github.com/smartystreets/goconvey/convey/assertions/oglematchers/greater_or_equal.go:34.48,36.3 1 1
github.com/smartystreets/goconvey/convey/assertions/oglematchers/greater_than.go:30.41,34.48 2 1
github.com/smartystreets/goconvey/convey/assertions/oglematchers/greater_than.go:38.2,38.56 1 1
github.com/smartystreets/goconvey/convey/assertions/oglematchers/greater_than.go:34.48,36.3 1 1
github.com/smartystreets/goconvey/convey/assertions/oglematchers/has_substr.go:27.34,29.2 1 0
github.com/smartystreets/goconvey/convey/assertions/oglematchers/has_substr.go:35.49,37.2 1 0
github.com/smartystreets/goconvey/convey/assertions/oglematchers/has_substr.go:39.57,41.32 2 0
github.com/smartystreets/goconvey/convey/assertions/oglematchers/has_substr.go:46.2,47.42 2 0
github.com/smartystreets/goconvey/convey/assertions/oglematchers/has_substr.go:51.2,51.23 1 0
github.com/smartystreets/goconvey/convey/assertions/oglematchers/has_substr.go:41.32,43.3 1 0
github.com/smartystreets/goconvey/convey/assertions/oglematchers/has_substr.go:47.42,49.3 1 0
github.com/smartystreets/goconvey/convey/assertions/oglematchers/matcher.go:76.42,78.2 1 1
github.com/smartystreets/goconvey/convey/assertions/oglematchers/matcher.go:80.37,82.2 1 1
github.com/smartystreets/goconvey/convey/assertions/oglematchers/pointee.go:26.33,28.2 1 0
github.com/smartystreets/goconvey/convey/assertions/oglematchers/pointee.go:34.61,37.47 2 0
github.com/smartystreets/goconvey/convey/assertions/oglematchers/pointee.go:42.2,42.16 1 0
github.com/smartystreets/goconvey/convey/assertions/oglematchers/pointee.go:48.2,50.37 3 0
github.com/smartystreets/goconvey/convey/assertions/oglematchers/pointee.go:60.2,60.12 1 0
github.com/smartystreets/goconvey/convey/assertions/oglematchers/pointee.go:37.47,39.3 1 0
github.com/smartystreets/goconvey/convey/assertions/oglematchers/pointee.go:42.16,44.3 1 0
github.com/smartystreets/goconvey/convey/assertions/oglematchers/pointee.go:50.37,53.37 2 0
github.com/smartystreets/goconvey/convey/assertions/oglematchers/pointee.go:53.37,55.4 1 0
github.com/smartystreets/goconvey/convey/assertions/oglematchers/pointee.go:55.5,57.4 1 0
github.com/smartystreets/goconvey/convey/assertions/oglematchers/pointee.go:63.47,65.2 1 0
github.com/smartystreets/goconvey/convey/assertions/oglematchers/contains.go:26.38,30.50 3 1
github.com/smartystreets/goconvey/convey/assertions/oglematchers/contains.go:34.2,34.16 1 1
github.com/smartystreets/goconvey/convey/assertions/oglematchers/contains.go:30.50,32.3 1 1
github.com/smartystreets/goconvey/convey/assertions/oglematchers/contains.go:41.48,43.2 1 0
github.com/smartystreets/goconvey/convey/assertions/oglematchers/contains.go:45.64,48.60 2 1
github.com/smartystreets/goconvey/convey/assertions/oglematchers/contains.go:53.2,53.31 1 1
github.com/smartystreets/goconvey/convey/assertions/oglematchers/contains.go:60.2,60.23 1 1
github.com/smartystreets/goconvey/convey/assertions/oglematchers/contains.go:48.60,50.3 1 1
github.com/smartystreets/goconvey/convey/assertions/oglematchers/contains.go:53.31,55.78 2 1
github.com/smartystreets/goconvey/convey/assertions/oglematchers/contains.go:55.78,57.4 1 1
